❁ 当前时间: 2020-04-05-20:29:52
❁ 定时联网检测任务已开启，第 1 次检测
❁ 网络畅通，你可以上网冲浪！
❁ IP：101.71.140.8  中国 浙江 杭州  联通

❁ 当前时间: 2020-04-05-20:40:58
❁ 定时联网检测任务已开启，第 1 次检测
❁ 网络畅通，你可以上网冲浪！
❁ IP：101.206.168.197  中国 四川   联通

❁ 当前时间: 2020-04-05-20:42:36
❁ 定时联网检测任务已开启，第 1 次检测
❁ 网络畅通，你可以上网冲浪！
❁ IP：180.97.106.135  中国 江苏 南京  电信

❁ 当前时间: 2020-04-06-02:44:50
❁ 定时联网检测任务已开启，第 1 次检测
❁ 网络畅通，你可以上网冲浪！
❁ IP：101.206.169.48  中国 四川   联通

❁ 当前时间: 2020-04-06-02:45:34
❁ 定时联网检测任务已开启，第 1 次检测
❁ 网络畅通，你可以上网冲浪！
❁ IP：101.71.140.8  中国 浙江 杭州  联通

❁ 当前时间: 2020-04-06-10:53:59
❁ 定时联网检测任务已开启，第 1 次检测
❁ 网络不畅通，正在重启脚本！

❁ 当前时间: 2020-04-06-10:54:08
❁ 定时联网检测任务已开启，第 2 次检测
❁ 网络不畅通，正在重启脚本！

❁ 当前时间: 2020-04-06-10:55:13
❁ 定时联网检测任务已开启，第 1 次检测
❁ 网络畅通，你可以上网冲浪！
❁ IP：101.71.140.9  中国 浙江 杭州  联通

